

***********************************************************************
Fatal NI connect error 12541, connecting to:
 (DESCRIPTION=(ADDRESS=(PROTOCOL=TCP)(HOST=pegaso.kion.it)(PORT=1522))(CONNECT_DATA=(SID=CLONI2)(CID=(PROGRAM=ruby1.8)(HOST=pc-salicetti)(USER=asalicetti))))

  VERSION INFORMATION:
	TNS for Linux: Version 10.2.0.1.0 - Production
	TCP/IP NT Protocol Adapter for Linux: Version 10.2.0.1.0 - Production
  Time: 07-MAY-2010 08:54:43
  Tracing not turned on.
  Tns error struct:
    ns main err code: 12541
    TNS-12541: Message 12541 not found; No message file for product=network, facility=TNS
    ns secondary err code: 12560
    nt main err code: 511
    TNS-00511: Message 511 not found; No message file for product=network, facility=TNS
    nt secondary err code: 111
    nt OS err code: 0


***********************************************************************
Fatal NI connect error 12541, connecting to:
 (DESCRIPTION=(ADDRESS=(PROTOCOL=TCP)(HOST=pegaso.kion.it)(PORT=1522))(CONNECT_DATA=(SID=CLONI2)(CID=(PROGRAM=ruby1.8)(HOST=pc-salicetti)(USER=asalicetti))))

  VERSION INFORMATION:
	TNS for Linux: Version 10.2.0.1.0 - Production
	TCP/IP NT Protocol Adapter for Linux: Version 10.2.0.1.0 - Production
  Time: 07-MAY-2010 08:54:54
  Tracing not turned on.
  Tns error struct:
    ns main err code: 12541
    TNS-12541: Message 12541 not found; No message file for product=network, facility=TNS
    ns secondary err code: 12560
    nt main err code: 511
    TNS-00511: Message 511 not found; No message file for product=network, facility=TNS
    nt secondary err code: 111
